Arguments: 
  /home/vagrant/.nvm/versions/node/v10.14.2/bin/node /home/vagrant/.yarn/bin/yarn.js add pug@2.0.4

PATH: 
  /home/vagrant/.yarn/bin:/home/vagrant/.config/yarn/global/node_modules/.bin:/home/vagrant/.nvm/versions/node/v10.14.2/bin:/usr/local/sbin:/usr/local/bin:/usr/sbin:/usr/bin:/sbin:/bin:/usr/games:/usr/local/games:/snap/bin

Yarn version: 
  1.21.1

Node version: 
  10.14.2

Platform: 
  linux x64

Trace: 
  Error: getaddrinfo EAI_AGAIN registry.yarnpkg.com registry.yarnpkg.com:443
      at GetAddrInfoReqWrap.onlookup [as oncomplete] (dns.js:57:26)

npm manifest: 
  {
    "name": "secret-board",
    "version": "1.0.0",
    "description": "秘密の匿名掲示板",
    "main": "index.js",
    "scripts": {
      "test": "node test.js"
    },
    "license": "MIT"
  }

yarn manifest: 
  No manifest

Lockfile: 
  No lockfile
